Using pre-set license
Built from '2021.1/staging' branch; Version is '2021.1.7f1 (d91830b65d9b) revision 14227504'; Using compiler version '192528614'; Build Type 'Release'
OS: 'Windows 10 Home Single Language; OS build 19042.1052; Version 2009; 64bit' Language: 'es' Physical Memory: 16168 MB
BatchMode: 1, IsHumanControllingUs: 0, StartBugReporterOnCrash: 0, Is64bit: 1, IsPro: 0

 COMMAND LINE ARGUMENTS:
C:\Users\anton\Downloads\Unity\2021.1.7f1\Editor\Unity.exe
-adb2
-batchMode
-noUpm
-name
AssetImportWorker0
-projectPath
C:/Users/anton/Downloads/Unity/SirAristorat_version_Ahni_para_no_confundir/SirAristorat version Ahni para no confundir
-logFile
Logs/AssetImportWorker0.log
-srvPort
49826
Successfully changed project path to: C:/Users/anton/Downloads/Unity/SirAristorat_version_Ahni_para_no_confundir/SirAristorat version Ahni para no confundir
C:/Users/anton/Downloads/Unity/SirAristorat_version_Ahni_para_no_confundir/SirAristorat version Ahni para no confundir
Using Asset Import Pipeline V2.
Refreshing native plugins compatible for Editor in 31.44 ms, found 0 plugins.
Preloading 0 native plugins for Editor in 0.00 ms.
Initialize engine version: 2021.1.7f1 (d91830b65d9b)
[Subsystems] Discovering subsystems at path C:/Users/anton/Downloads/Unity/2021.1.7f1/Editor/Data/Resources/UnitySubsystems
[Subsystems] Discovering subsystems at path C:/Users/anton/Downloads/Unity/SirAristorat_version_Ahni_para_no_confundir/SirAristorat version Ahni para no confundir/Assets
GfxDevice: creating device client; threaded=0; jobified=0
Direct3D:
    Version:  Direct3D 11.0 [level 11.1]
    Renderer: NVIDIA GeForce RTX 2070 (ID=0x1f14)
    Vendor:   NVIDIA
    VRAM:     8031 MB
    Driver:   27.21.14.5763
Initialize mono
Mono path[0] = 'C:/Users/anton/Downloads/Unity/2021.1.7f1/Editor/Data/Managed'
Mono path[1] = 'C:/Users/anton/Downloads/Unity/2021.1.7f1/Editor/Data/MonoBleedingEdge/lib/mono/unityjit'
Mono config path = 'C:/Users/anton/Downloads/Unity/2021.1.7f1/Editor/Data/MonoBleedingEdge/etc'
Using monoOptions --debugger-agent=transport=dt_socket,embedding=1,server=y,suspend=n,address=127.0.0.1:56664
Begin MonoManager ReloadAssembly
Registering precompiled unity dll's ...
Register platform support module: C:/Users/anton/Downloads/Unity/2021.1.7f1/Editor/Data/PlaybackEngines/WebGLSupport/UnityEditor.WebGL.Extensions.dll
Register platform support module: C:/Users/anton/Downloads/Unity/2021.1.7f1/Editor/Data/PlaybackEngines/WindowsStandaloneSupport/UnityEditor.WindowsStandalone.Extensions.dll
Registered in 0.003663 seconds.
Native extension for WindowsStandalone target not found
Native extension for WebGL target not found
Refreshing native plugins compatible for Editor in 33.61 ms, found 0 plugins.
Preloading 0 native plugins for Editor in 0.00 ms.
Mono: successfully reloaded assembly
- Completed reload, in  1.590 seconds
Platform modules already initialized, skipping
Registering precompiled user dll's ...
Registered in 0.001046 seconds.
Begin MonoManager ReloadAssembly
Native extension for WindowsStandalone target not found
Native extension for WebGL target not found
Refreshing native plugins compatible for Editor in 0.25 ms, found 0 plugins.
Preloading 0 native plugins for Editor in 0.00 ms.
Mono: successfully reloaded assembly
- Completed reload, in  1.036 seconds
Platform modules already initialized, skipping
========================================================================
Worker process is ready to serve import requests
Launched and connected shader compiler UnityShaderCompiler.exe after 0.05 seconds
Refreshing native plugins compatible for Editor in 0.25 ms, found 0 plugins.
Preloading 0 native plugins for Editor in 0.00 ms.
Unloading 1321 Unused Serialized files (Serialized files now loaded: 0)
System memory in use before: 66.9 MB.
System memory in use after: 67.0 MB.

Unloading 13 unused Assets to reduce memory usage. Loaded Objects now: 1784.
Total: 2.307300 ms (FindLiveObjects: 0.170400 ms CreateObjectMapping: 0.058200 ms MarkObjects: 2.020100 ms  DeleteObjects: 0.057700 ms)

========================================================================
Received Import Request.
  path: Assets/Scripts/enemies/enemyPatrol.cs
  artifactKey: Guid(7360d4d7a5a551643afb07d7c43ba84c) Importer(815301076,1909f56bfc062723c751e8b465ee728b)
Start importing Assets/Scripts/enemies/enemyPatrol.cs using Guid(7360d4d7a5a551643afb07d7c43ba84c) Importer(815301076,1909f56bfc062723c751e8b465ee728b)  -> (artifact id: 'f7f6ee57db6f7217e0651e6f32609246') in 0.032275 seconds 
========================================================================
Received Import Request.
  Time since last request: 2.903673 seconds.
  path: Assets/Scripts/Interruptor1.cs
  artifactKey: Guid(ec65611188bf5b848a3c599853561123) Importer(815301076,1909f56bfc062723c751e8b465ee728b)
Start importing Assets/Scripts/Interruptor1.cs using Guid(ec65611188bf5b848a3c599853561123) Importer(815301076,1909f56bfc062723c751e8b465ee728b)  -> (artifact id: 'a03542949261b176f3743d05e464f6ca') in 0.002697 seconds 
========================================================================
Received Import Request.
  Time since last request: 0.489211 seconds.
  path: Assets/Scripts/Interruptor2.cs
  artifactKey: Guid(245f7548ab4f70e448b7008b50dcf924) Importer(815301076,1909f56bfc062723c751e8b465ee728b)
Start importing Assets/Scripts/Interruptor2.cs using Guid(245f7548ab4f70e448b7008b50dcf924) Importer(815301076,1909f56bfc062723c751e8b465ee728b)  -> (artifact id: '4467aca3438347612791fe41a71e6417') in 0.006739 seconds 
========================================================================
Received Import Request.
  Time since last request: 1.340132 seconds.
  path: Assets/Scripts/traps
  artifactKey: Guid(77b7f0e00a548254bb7d07e145c34d21) Importer(815301076,1909f56bfc062723c751e8b465ee728b)
Start importing Assets/Scripts/traps using Guid(77b7f0e00a548254bb7d07e145c34d21) Importer(815301076,1909f56bfc062723c751e8b465ee728b)  -> (artifact id: '2f9677c2d7f39c654c269538f99a28f8') in 0.002947 seconds 
========================================================================
Received Prepare
Registering precompiled user dll's ...
Registered in 0.000794 seconds.
Begin MonoManager ReloadAssembly
Native extension for WindowsStandalone target not found
Native extension for WebGL target not found
Refreshing native plugins compatible for Editor in 0.26 ms, found 0 plugins.
Preloading 0 native plugins for Editor in 0.00 ms.
Mono: successfully reloaded assembly
- Completed reload, in  0.943 seconds
Platform modules already initialized, skipping
Refreshing native plugins compatible for Editor in 0.25 ms, found 0 plugins.
Preloading 0 native plugins for Editor in 0.00 ms.
Unloading 1302 Unused Serialized files (Serialized files now loaded: 0)
System memory in use before: 65.5 MB.
System memory in use after: 65.6 MB.

Unloading 4 unused Assets to reduce memory usage. Loaded Objects now: 1787.
Total: 1.953000 ms (FindLiveObjects: 0.128600 ms CreateObjectMapping: 0.045300 ms MarkObjects: 1.766000 ms  DeleteObjects: 0.012000 ms)

========================================================================
Received Import Request.
  Time since last request: 8.939270 seconds.
  path: Assets/Scripts/QuitControls.cs
  artifactKey: Guid(6baf62c0236d081478e7bf936be1fbcb) Importer(815301076,1909f56bfc062723c751e8b465ee728b)
Start importing Assets/Scripts/QuitControls.cs using Guid(6baf62c0236d081478e7bf936be1fbcb) Importer(815301076,1909f56bfc062723c751e8b465ee728b)  -> (artifact id: '7119f82e0e827c278f9f74c5db520549') in 0.004904 seconds 
========================================================================
Received Import Request.
  Time since last request: 0.471113 seconds.
  path: Assets/Scripts/Piece.cs
  artifactKey: Guid(2e6dd776d16cd4643b7751a5837c798b) Importer(815301076,1909f56bfc062723c751e8b465ee728b)
Start importing Assets/Scripts/Piece.cs using Guid(2e6dd776d16cd4643b7751a5837c798b) Importer(815301076,1909f56bfc062723c751e8b465ee728b)  -> (artifact id: 'be8f26ce1247dac1a6eeed0e1ec6c6df') in 0.002681 seconds 
========================================================================
Received Import Request.
  Time since last request: 12.429663 seconds.
  path: Assets/Scripts/SceneLoader.cs
  artifactKey: Guid(2bebfe27445139b458d5c41669d2b872) Importer(815301076,1909f56bfc062723c751e8b465ee728b)
Start importing Assets/Scripts/SceneLoader.cs using Guid(2bebfe27445139b458d5c41669d2b872) Importer(815301076,1909f56bfc062723c751e8b465ee728b)  -> (artifact id: 'b6cb68f38cd0476f73e1dd6caaf938d4') in 0.002658 seconds 
========================================================================
Received Import Request.
  Time since last request: 0.622828 seconds.
  path: Assets/Scripts/Respawn.cs
  artifactKey: Guid(5057081436bfd33468cc0b198efcb298) Importer(815301076,1909f56bfc062723c751e8b465ee728b)
Start importing Assets/Scripts/Respawn.cs using Guid(5057081436bfd33468cc0b198efcb298) Importer(815301076,1909f56bfc062723c751e8b465ee728b)  -> (artifact id: 'fac94c15fe840d5e6bde8675ba0c2f91') in 0.002801 seconds 
========================================================================
Received Import Request.
  Time since last request: 3.933357 seconds.
  path: Assets/Scripts/Player
  artifactKey: Guid(e88012672e676634d82656cea65d4f24) Importer(815301076,1909f56bfc062723c751e8b465ee728b)
Start importing Assets/Scripts/Player using Guid(e88012672e676634d82656cea65d4f24) Importer(815301076,1909f56bfc062723c751e8b465ee728b)  -> (artifact id: '7f806950f4e8c695645205ea605a3d0b') in 0.002574 seconds 
========================================================================
Received Import Request.
  Time since last request: 3.622105 seconds.
  path: Assets/Scripts/otros
  artifactKey: Guid(a656e7f2fd385854fa23778a97fc668f) Importer(815301076,1909f56bfc062723c751e8b465ee728b)
Start importing Assets/Scripts/otros using Guid(a656e7f2fd385854fa23778a97fc668f) Importer(815301076,1909f56bfc062723c751e8b465ee728b)  -> (artifact id: 'ee7704cdbe08c326f4739f5bb093d8c8') in 0.002930 seconds 
========================================================================
Received Import Request.
  Time since last request: 0.670599 seconds.
  path: Assets/Scripts/otros/mouseMovOtro.cs
  artifactKey: Guid(f5c9ef6decb63e24c8b9c04cf0b10fa7) Importer(815301076,1909f56bfc062723c751e8b465ee728b)
Start importing Assets/Scripts/otros/mouseMovOtro.cs using Guid(f5c9ef6decb63e24c8b9c04cf0b10fa7) Importer(815301076,1909f56bfc062723c751e8b465ee728b)  -> (artifact id: '59fd9da130dfd441bf62983ff9f8ad64') in 0.002860 seconds 
========================================================================
Received Import Request.
  Time since last request: 2.346645 seconds.
  path: Assets/Scripts/enemies
  artifactKey: Guid(a78f11eaa2f09ed44a8a2899f307ebd7) Importer(815301076,1909f56bfc062723c751e8b465ee728b)
Start importing Assets/Scripts/enemies using Guid(a78f11eaa2f09ed44a8a2899f307ebd7) Importer(815301076,1909f56bfc062723c751e8b465ee728b)  -> (artifact id: '193e94120b1209b4388ebbb169a40a49') in 0.002662 seconds 
========================================================================
Received Prepare
Registering precompiled user dll's ...
Registered in 0.000796 seconds.
Begin MonoManager ReloadAssembly
Native extension for WindowsStandalone target not found
Native extension for WebGL target not found
Refreshing native plugins compatible for Editor in 0.25 ms, found 0 plugins.
Preloading 0 native plugins for Editor in 0.00 ms.
Mono: successfully reloaded assembly
- Completed reload, in  0.951 seconds
Platform modules already initialized, skipping
Refreshing native plugins compatible for Editor in 0.25 ms, found 0 plugins.
Preloading 0 native plugins for Editor in 0.00 ms.
Unloading 1302 Unused Serialized files (Serialized files now loaded: 0)
System memory in use before: 65.5 MB.
System memory in use after: 65.6 MB.

Unloading 4 unused Assets to reduce memory usage. Loaded Objects now: 1790.
Total: 2.224400 ms (FindLiveObjects: 0.149500 ms CreateObjectMapping: 0.054100 ms MarkObjects: 2.006400 ms  DeleteObjects: 0.013400 ms)

========================================================================
Received Prepare
Registering precompiled user dll's ...
Registered in 0.000901 seconds.
Begin MonoManager ReloadAssembly
Native extension for WindowsStandalone target not found
Native extension for WebGL target not found
Refreshing native plugins compatible for Editor in 0.44 ms, found 0 plugins.
Preloading 0 native plugins for Editor in 0.00 ms.
Mono: successfully reloaded assembly
- Completed reload, in  0.990 seconds
Platform modules already initialized, skipping
Refreshing native plugins compatible for Editor in 0.25 ms, found 0 plugins.
Preloading 0 native plugins for Editor in 0.00 ms.
Unloading 1302 Unused Serialized files (Serialized files now loaded: 0)
System memory in use before: 65.5 MB.
System memory in use after: 65.6 MB.

Unloading 4 unused Assets to reduce memory usage. Loaded Objects now: 1793.
Total: 2.115800 ms (FindLiveObjects: 0.134600 ms CreateObjectMapping: 0.045400 ms MarkObjects: 1.921500 ms  DeleteObjects: 0.012800 ms)

========================================================================
Received Import Request.
  Time since last request: 254.768201 seconds.
  path: Assets/Scripts/enemies/enemyPatrol.cs
  artifactKey: Guid(7360d4d7a5a551643afb07d7c43ba84c) Importer(815301076,1909f56bfc062723c751e8b465ee728b)
Start importing Assets/Scripts/enemies/enemyPatrol.cs using Guid(7360d4d7a5a551643afb07d7c43ba84c) Importer(815301076,1909f56bfc062723c751e8b465ee728b)  -> (artifact id: '83a18d7c562744c64ff80dd9d6080d3a') in 0.005005 seconds 
========================================================================
Received Import Request.
  Time since last request: 16.834540 seconds.
  path: Assets/Scripts/enemies/fov/Scripts/FieldOfView.cs
  artifactKey: Guid(933f27ed8a5cf43359d7caf0a5f5e732) Importer(815301076,1909f56bfc062723c751e8b465ee728b)
Start importing Assets/Scripts/enemies/fov/Scripts/FieldOfView.cs using Guid(933f27ed8a5cf43359d7caf0a5f5e732) Importer(815301076,1909f56bfc062723c751e8b465ee728b)  -> (artifact id: '8e1aa933b0342818e90ea509b3dd4651') in 0.002715 seconds 
========================================================================
Received Prepare
Registering precompiled user dll's ...
Registered in 0.001509 seconds.
Begin MonoManager ReloadAssembly
Native extension for WindowsStandalone target not found
Native extension for WebGL target not found
Refreshing native plugins compatible for Editor in 1.46 ms, found 0 plugins.
Preloading 0 native plugins for Editor in 0.00 ms.
Mono: successfully reloaded assembly
- Completed reload, in  1.197 seconds
Platform modules already initialized, skipping
Refreshing native plugins compatible for Editor in 0.25 ms, found 0 plugins.
Preloading 0 native plugins for Editor in 0.00 ms.
Unloading 1302 Unused Serialized files (Serialized files now loaded: 0)
System memory in use before: 65.5 MB.
System memory in use after: 65.6 MB.

Unloading 4 unused Assets to reduce memory usage. Loaded Objects now: 1796.
Total: 1.943200 ms (FindLiveObjects: 0.124000 ms CreateObjectMapping: 0.045100 ms MarkObjects: 1.758200 ms  DeleteObjects: 0.013100 ms)

========================================================================
Received Prepare
Registering precompiled user dll's ...
Registered in 0.000901 seconds.
Begin MonoManager ReloadAssembly
Native extension for WindowsStandalone target not found
Native extension for WebGL target not found
Refreshing native plugins compatible for Editor in 0.28 ms, found 0 plugins.
Preloading 0 native plugins for Editor in 0.00 ms.
Mono: successfully reloaded assembly
- Completed reload, in  1.006 seconds
Platform modules already initialized, skipping
Refreshing native plugins compatible for Editor in 0.29 ms, found 0 plugins.
Preloading 0 native plugins for Editor in 0.00 ms.
Unloading 1302 Unused Serialized files (Serialized files now loaded: 0)
System memory in use before: 65.5 MB.
System memory in use after: 65.6 MB.

Unloading 4 unused Assets to reduce memory usage. Loaded Objects now: 1799.
Total: 2.023800 ms (FindLiveObjects: 0.135000 ms CreateObjectMapping: 0.047500 ms MarkObjects: 1.827400 ms  DeleteObjects: 0.012600 ms)

========================================================================
Received Import Request.
  Time since last request: 496.537642 seconds.
  path: Assets/Scripts/enemies/fov/Scripts/FieldOfView.cs
  artifactKey: Guid(933f27ed8a5cf43359d7caf0a5f5e732) Importer(815301076,1909f56bfc062723c751e8b465ee728b)
Start importing Assets/Scripts/enemies/fov/Scripts/FieldOfView.cs using Guid(933f27ed8a5cf43359d7caf0a5f5e732) Importer(815301076,1909f56bfc062723c751e8b465ee728b)  -> (artifact id: '275bb1ab647dcde1a63e2b01d5d24249') in 0.005162 seconds 
========================================================================
Received Prepare
Registering precompiled user dll's ...
Registered in 0.000922 seconds.
Begin MonoManager ReloadAssembly
Native extension for WindowsStandalone target not found
Native extension for WebGL target not found
Refreshing native plugins compatible for Editor in 0.25 ms, found 0 plugins.
Preloading 0 native plugins for Editor in 0.00 ms.
Mono: successfully reloaded assembly
- Completed reload, in  0.933 seconds
Platform modules already initialized, skipping
Refreshing native plugins compatible for Editor in 0.28 ms, found 0 plugins.
Preloading 0 native plugins for Editor in 0.00 ms.
Unloading 1302 Unused Serialized files (Serialized files now loaded: 0)
System memory in use before: 65.5 MB.
System memory in use after: 65.7 MB.

Unloading 4 unused Assets to reduce memory usage. Loaded Objects now: 1802.
Total: 1.984300 ms (FindLiveObjects: 0.121100 ms CreateObjectMapping: 0.047300 ms MarkObjects: 1.803900 ms  DeleteObjects: 0.011100 ms)

========================================================================
Received Import Request.
  Time since last request: 34.166354 seconds.
  path: Assets/Scripts/enemies/fov/Scripts/FieldOfView.cs
  artifactKey: Guid(933f27ed8a5cf43359d7caf0a5f5e732) Importer(815301076,1909f56bfc062723c751e8b465ee728b)
Start importing Assets/Scripts/enemies/fov/Scripts/FieldOfView.cs using Guid(933f27ed8a5cf43359d7caf0a5f5e732) Importer(815301076,1909f56bfc062723c751e8b465ee728b)  -> (artifact id: '41ff19410f5452f70c764b81c24e659d') in 0.004525 seconds 
========================================================================
Received Prepare
Registering precompiled user dll's ...
Registered in 0.001840 seconds.
Begin MonoManager ReloadAssembly
Native extension for WindowsStandalone target not found
Native extension for WebGL target not found
Refreshing native plugins compatible for Editor in 0.65 ms, found 0 plugins.
Preloading 0 native plugins for Editor in 0.00 ms.
Mono: successfully reloaded assembly
- Completed reload, in  1.193 seconds
Platform modules already initialized, skipping
Refreshing native plugins compatible for Editor in 0.43 ms, found 0 plugins.
Preloading 0 native plugins for Editor in 0.00 ms.
Unloading 1302 Unused Serialized files (Serialized files now loaded: 0)
System memory in use before: 65.6 MB.
System memory in use after: 65.7 MB.

Unloading 4 unused Assets to reduce memory usage. Loaded Objects now: 1805.
Total: 3.631700 ms (FindLiveObjects: 0.272900 ms CreateObjectMapping: 0.111800 ms MarkObjects: 3.226600 ms  DeleteObjects: 0.018100 ms)

========================================================================
Received Prepare
Registering precompiled user dll's ...
Registered in 0.000821 seconds.
Begin MonoManager ReloadAssembly
Native extension for WindowsStandalone target not found
Native extension for WebGL target not found
Refreshing native plugins compatible for Editor in 0.60 ms, found 0 plugins.
Preloading 0 native plugins for Editor in 0.00 ms.
Mono: successfully reloaded assembly
- Completed reload, in  1.045 seconds
Platform modules already initialized, skipping
Refreshing native plugins compatible for Editor in 0.29 ms, found 0 plugins.
Preloading 0 native plugins for Editor in 0.00 ms.
Unloading 1302 Unused Serialized files (Serialized files now loaded: 0)
System memory in use before: 65.6 MB.
System memory in use after: 65.7 MB.

Unloading 4 unused Assets to reduce memory usage. Loaded Objects now: 1808.
Total: 3.129900 ms (FindLiveObjects: 0.239500 ms CreateObjectMapping: 0.090300 ms MarkObjects: 2.780200 ms  DeleteObjects: 0.018100 ms)

========================================================================
Received Prepare
Registering precompiled user dll's ...
Registered in 0.000859 seconds.
Begin MonoManager ReloadAssembly
Native extension for WindowsStandalone target not found
Native extension for WebGL target not found
Refreshing native plugins compatible for Editor in 0.32 ms, found 0 plugins.
Preloading 0 native plugins for Editor in 0.00 ms.
Mono: successfully reloaded assembly
- Completed reload, in  1.080 seconds
Platform modules already initialized, skipping
Refreshing native plugins compatible for Editor in 0.49 ms, found 0 plugins.
Preloading 0 native plugins for Editor in 0.00 ms.
Unloading 1302 Unused Serialized files (Serialized files now loaded: 0)
System memory in use before: 65.6 MB.
System memory in use after: 65.7 MB.

Unloading 4 unused Assets to reduce memory usage. Loaded Objects now: 1811.
Total: 2.798400 ms (FindLiveObjects: 0.311100 ms CreateObjectMapping: 0.091200 ms MarkObjects: 2.379000 ms  DeleteObjects: 0.015700 ms)

========================================================================
Received Prepare
Registering precompiled user dll's ...
Registered in 0.000869 seconds.
Begin MonoManager ReloadAssembly
Native extension for WindowsStandalone target not found
Native extension for WebGL target not found
Refreshing native plugins compatible for Editor in 0.25 ms, found 0 plugins.
Preloading 0 native plugins for Editor in 0.00 ms.
Mono: successfully reloaded assembly
- Completed reload, in  0.989 seconds
Platform modules already initialized, skipping
Refreshing native plugins compatible for Editor in 0.27 ms, found 0 plugins.
Preloading 0 native plugins for Editor in 0.00 ms.
Unloading 1302 Unused Serialized files (Serialized files now loaded: 0)
System memory in use before: 65.6 MB.
System memory in use after: 65.7 MB.

Unloading 4 unused Assets to reduce memory usage. Loaded Objects now: 1814.
Total: 2.096900 ms (FindLiveObjects: 0.132600 ms CreateObjectMapping: 0.044700 ms MarkObjects: 1.906100 ms  DeleteObjects: 0.011800 ms)

========================================================================
Received Import Request.
  Time since last request: 674.786144 seconds.
  path: Assets/prefabs/enemies
  artifactKey: Guid(d0140637e1710aa4190ac05a5a776482) Importer(815301076,1909f56bfc062723c751e8b465ee728b)
Start importing Assets/prefabs/enemies using Guid(d0140637e1710aa4190ac05a5a776482) Importer(815301076,1909f56bfc062723c751e8b465ee728b)  -> (artifact id: 'c996b455c0acc39f01436fce83854c86') in 0.005119 seconds 
========================================================================
Received Import Request.
  Time since last request: 2.743977 seconds.
  path: Assets/prefabs/enemies/enemy1.prefab
  artifactKey: Guid(970629c6df1725c4f8c07923af826df6) Importer(815301076,1909f56bfc062723c751e8b465ee728b)
Start importing Assets/prefabs/enemies/enemy1.prefab using Guid(970629c6df1725c4f8c07923af826df6) Importer(815301076,1909f56bfc062723c751e8b465ee728b)  -> (artifact id: 'a213c002206454fc0f217ff8ca4fe3cd') in 0.144568 seconds 
========================================================================
Received Import Request.
  Time since last request: 0.000275 seconds.
  path: Assets/prefabs/enemies/enemy2.prefab
  artifactKey: Guid(0cbd789df1591ec49be953b4c95acaf4) Importer(815301076,1909f56bfc062723c751e8b465ee728b)
Start importing Assets/prefabs/enemies/enemy2.prefab using Guid(0cbd789df1591ec49be953b4c95acaf4) Importer(815301076,1909f56bfc062723c751e8b465ee728b)  -> (artifact id: 'a8d5dbbcab1a9d4487624be98445f6f1') in 0.022885 seconds 
========================================================================
Received Prepare
Registering precompiled user dll's ...
Registered in 0.000908 seconds.
Begin MonoManager ReloadAssembly
Native extension for WindowsStandalone target not found
Native extension for WebGL target not found
Refreshing native plugins compatible for Editor in 0.25 ms, found 0 plugins.
Preloading 0 native plugins for Editor in 0.00 ms.
Mono: successfully reloaded assembly
- Completed reload, in  0.931 seconds
Platform modules already initialized, skipping
Refreshing native plugins compatible for Editor in 0.26 ms, found 0 plugins.
Preloading 0 native plugins for Editor in 0.00 ms.
Unloading 1302 Unused Serialized files (Serialized files now loaded: 0)
System memory in use before: 69.4 MB.
System memory in use after: 69.5 MB.

Unloading 4 unused Assets to reduce memory usage. Loaded Objects now: 1825.
Total: 1.954900 ms (FindLiveObjects: 0.122700 ms CreateObjectMapping: 0.047300 ms MarkObjects: 1.771400 ms  DeleteObjects: 0.012500 ms)

========================================================================
Received Import Request.
  Time since last request: 8.536151 seconds.
  path: Assets/prefabs/enemies/enemy1.prefab
  artifactKey: Guid(970629c6df1725c4f8c07923af826df6) Importer(815301076,1909f56bfc062723c751e8b465ee728b)
Start importing Assets/prefabs/enemies/enemy1.prefab using Guid(970629c6df1725c4f8c07923af826df6) Importer(815301076,1909f56bfc062723c751e8b465ee728b)  -> (artifact id: '1f2475d8c01f05d9a29a2b5753c6c5c9') in 0.068082 seconds 
========================================================================
Received Import Request.
  Time since last request: 6.683733 seconds.
  path: Assets/prefabs/enemies/enemy1.prefab
  artifactKey: Guid(970629c6df1725c4f8c07923af826df6) Importer(815301076,1909f56bfc062723c751e8b465ee728b)
Start importing Assets/prefabs/enemies/enemy1.prefab using Guid(970629c6df1725c4f8c07923af826df6) Importer(815301076,1909f56bfc062723c751e8b465ee728b)  -> (artifact id: '5d441bac71b834e40473a19188feb8d9') in 0.013838 seconds 
========================================================================
Received Import Request.
  Time since last request: 7.050680 seconds.
  path: Assets/prefabs/enemies/enemy2.prefab
  artifactKey: Guid(0cbd789df1591ec49be953b4c95acaf4) Importer(815301076,1909f56bfc062723c751e8b465ee728b)
Start importing Assets/prefabs/enemies/enemy2.prefab using Guid(0cbd789df1591ec49be953b4c95acaf4) Importer(815301076,1909f56bfc062723c751e8b465ee728b)  -> (artifact id: '40ce78e80b6befbef4a49de6d7630fc6') in 0.017521 seconds 
========================================================================
Received Prepare
Registering precompiled user dll's ...
Registered in 0.001298 seconds.
Begin MonoManager ReloadAssembly
Native extension for WindowsStandalone target not found
Native extension for WebGL target not found
Refreshing native plugins compatible for Editor in 0.26 ms, found 0 plugins.
Preloading 0 native plugins for Editor in 0.00 ms.
Mono: successfully reloaded assembly
- Completed reload, in  1.003 seconds
Platform modules already initialized, skipping
Refreshing native plugins compatible for Editor in 0.24 ms, found 0 plugins.
Preloading 0 native plugins for Editor in 0.00 ms.
Unloading 1302 Unused Serialized files (Serialized files now loaded: 0)
System memory in use before: 69.4 MB.
System memory in use after: 69.5 MB.

Unloading 4 unused Assets to reduce memory usage. Loaded Objects now: 1829.
Total: 1.916000 ms (FindLiveObjects: 0.118900 ms CreateObjectMapping: 0.046200 ms MarkObjects: 1.738200 ms  DeleteObjects: 0.011500 ms)

========================================================================
Received Import Request.
  Time since last request: 66.796807 seconds.
  path: Assets/prefabs/enemies/enemy1.prefab
  artifactKey: Guid(970629c6df1725c4f8c07923af826df6) Importer(815301076,1909f56bfc062723c751e8b465ee728b)
Start importing Assets/prefabs/enemies/enemy1.prefab using Guid(970629c6df1725c4f8c07923af826df6) Importer(815301076,1909f56bfc062723c751e8b465ee728b)  -> (artifact id: '32e0b5d20b7e8258337e95505ab8bdbc') in 0.065713 seconds 
========================================================================
Received Import Request.
  Time since last request: 6.378279 seconds.
  path: Assets/prefabs/enemies/enemy1.prefab
  artifactKey: Guid(970629c6df1725c4f8c07923af826df6) Importer(815301076,1909f56bfc062723c751e8b465ee728b)
Start importing Assets/prefabs/enemies/enemy1.prefab using Guid(970629c6df1725c4f8c07923af826df6) Importer(815301076,1909f56bfc062723c751e8b465ee728b)  -> (artifact id: '8cc81bd73b6ef77732f0e273893bb638') in 0.014833 seconds 
========================================================================
Received Import Request.
  Time since last request: 4.636583 seconds.
  path: Assets/prefabs/enemies/enemy1.prefab
  artifactKey: Guid(970629c6df1725c4f8c07923af826df6) Importer(815301076,1909f56bfc062723c751e8b465ee728b)
Start importing Assets/prefabs/enemies/enemy1.prefab using Guid(970629c6df1725c4f8c07923af826df6) Importer(815301076,1909f56bfc062723c751e8b465ee728b)  -> (artifact id: '494b55d58c4ddbc2b5c13088113269a1') in 0.016164 seconds 
========================================================================
Received Import Request.
  Time since last request: 5.457687 seconds.
  path: Assets/prefabs/enemies/enemy1.prefab
  artifactKey: Guid(970629c6df1725c4f8c07923af826df6) Importer(815301076,1909f56bfc062723c751e8b465ee728b)
Start importing Assets/prefabs/enemies/enemy1.prefab using Guid(970629c6df1725c4f8c07923af826df6) Importer(815301076,1909f56bfc062723c751e8b465ee728b)  -> (artifact id: '373a97a7f9ff1902a6f2011ef0234e62') in 0.016820 seconds 
========================================================================
Received Prepare
Registering precompiled user dll's ...
Registered in 0.000863 seconds.
Begin MonoManager ReloadAssembly
Native extension for WindowsStandalone target not found
Native extension for WebGL target not found
Refreshing native plugins compatible for Editor in 0.25 ms, found 0 plugins.
Preloading 0 native plugins for Editor in 0.00 ms.
Mono: successfully reloaded assembly
- Completed reload, in  0.900 seconds
Platform modules already initialized, skipping
Refreshing native plugins compatible for Editor in 0.25 ms, found 0 plugins.
Preloading 0 native plugins for Editor in 0.00 ms.
Unloading 1302 Unused Serialized files (Serialized files now loaded: 0)
System memory in use before: 69.4 MB.
System memory in use after: 69.5 MB.

Unloading 4 unused Assets to reduce memory usage. Loaded Objects now: 1833.
Total: 1.952300 ms (FindLiveObjects: 0.117200 ms CreateObjectMapping: 0.042100 ms MarkObjects: 1.780800 ms  DeleteObjects: 0.010900 ms)

========================================================================
Received Import Request.
  Time since last request: 117.510505 seconds.
  path: Assets/prefabs/enemies/enemy1.prefab
  artifactKey: Guid(970629c6df1725c4f8c07923af826df6) Importer(815301076,1909f56bfc062723c751e8b465ee728b)
Start importing Assets/prefabs/enemies/enemy1.prefab using Guid(970629c6df1725c4f8c07923af826df6) Importer(815301076,1909f56bfc062723c751e8b465ee728b)  -> (artifact id: '15b2c3b273067b16f6ff92533a635c52') in 0.061699 seconds 
========================================================================
Received Import Request.
  Time since last request: 1.898695 seconds.
  path: Assets/prefabs/enemies/enemy1.prefab
  artifactKey: Guid(970629c6df1725c4f8c07923af826df6) Importer(815301076,1909f56bfc062723c751e8b465ee728b)
Start importing Assets/prefabs/enemies/enemy1.prefab using Guid(970629c6df1725c4f8c07923af826df6) Importer(815301076,1909f56bfc062723c751e8b465ee728b)  -> (artifact id: 'c38629f1170d68da5cdff19d7510fb9f') in 0.014468 seconds 
========================================================================
Received Import Request.
  Time since last request: 7.677455 seconds.
  path: Assets/prefabs/enemies/enemy1.prefab
  artifactKey: Guid(970629c6df1725c4f8c07923af826df6) Importer(815301076,1909f56bfc062723c751e8b465ee728b)
Start importing Assets/prefabs/enemies/enemy1.prefab using Guid(970629c6df1725c4f8c07923af826df6) Importer(815301076,1909f56bfc062723c751e8b465ee728b)  -> (artifact id: '2a700de1ca70aa87720aaf04974b083e') in 0.014583 seconds 
========================================================================
Received Import Request.
  Time since last request: 0.986441 seconds.
  path: Assets/prefabs/enemies/enemy1.prefab
  artifactKey: Guid(970629c6df1725c4f8c07923af826df6) Importer(815301076,1909f56bfc062723c751e8b465ee728b)
Start importing Assets/prefabs/enemies/enemy1.prefab using Guid(970629c6df1725c4f8c07923af826df6) Importer(815301076,1909f56bfc062723c751e8b465ee728b)  -> (artifact id: '8e40161a45442789457d8dabb529b9b0') in 0.017792 seconds 
========================================================================
Received Import Request.
  Time since last request: 16.590578 seconds.
  path: Assets/prefabs/enemies/enemy1.prefab
  artifactKey: Guid(970629c6df1725c4f8c07923af826df6) Importer(815301076,1909f56bfc062723c751e8b465ee728b)
Start importing Assets/prefabs/enemies/enemy1.prefab using Guid(970629c6df1725c4f8c07923af826df6) Importer(815301076,1909f56bfc062723c751e8b465ee728b)  -> (artifact id: '1ac64277c2ebd9349828f10e5167a0e2') in 0.014707 seconds 
========================================================================
Received Import Request.
  Time since last request: 3.067881 seconds.
  path: Assets/prefabs/enemies/enemy1.prefab
  artifactKey: Guid(970629c6df1725c4f8c07923af826df6) Importer(815301076,1909f56bfc062723c751e8b465ee728b)
Start importing Assets/prefabs/enemies/enemy1.prefab using Guid(970629c6df1725c4f8c07923af826df6) Importer(815301076,1909f56bfc062723c751e8b465ee728b)  -> (artifact id: 'd96bbef5fffde65b5f1f58cb3d94d535') in 0.012660 seconds 
========================================================================
Received Prepare
Registering precompiled user dll's ...
Registered in 0.000818 seconds.
Begin MonoManager ReloadAssembly
Native extension for WindowsStandalone target not found
Native extension for WebGL target not found
Refreshing native plugins compatible for Editor in 0.30 ms, found 0 plugins.
Preloading 0 native plugins for Editor in 0.00 ms.
Mono: successfully reloaded assembly
- Completed reload, in  0.999 seconds
Platform modules already initialized, skipping
Refreshing native plugins compatible for Editor in 0.27 ms, found 0 plugins.
Preloading 0 native plugins for Editor in 0.00 ms.
Unloading 1302 Unused Serialized files (Serialized files now loaded: 0)
System memory in use before: 69.4 MB.
System memory in use after: 69.5 MB.

Unloading 4 unused Assets to reduce memory usage. Loaded Objects now: 1837.
Total: 2.509800 ms (FindLiveObjects: 0.144800 ms CreateObjectMapping: 0.051200 ms MarkObjects: 2.293400 ms  DeleteObjects: 0.019000 ms)

========================================================================
Received Prepare
Registering precompiled user dll's ...
Registered in 0.000812 seconds.
Begin MonoManager ReloadAssembly
Native extension for WindowsStandalone target not found
Native extension for WebGL target not found
Refreshing native plugins compatible for Editor in 0.27 ms, found 0 plugins.
Preloading 0 native plugins for Editor in 0.00 ms.
Mono: successfully reloaded assembly
- Completed reload, in  0.975 seconds
Platform modules already initialized, skipping
Refreshing native plugins compatible for Editor in 0.25 ms, found 0 plugins.
Preloading 0 native plugins for Editor in 0.00 ms.
Unloading 1302 Unused Serialized files (Serialized files now loaded: 0)
System memory in use before: 69.4 MB.
System memory in use after: 69.5 MB.

Unloading 4 unused Assets to reduce memory usage. Loaded Objects now: 1840.
Total: 2.150200 ms (FindLiveObjects: 0.123300 ms CreateObjectMapping: 0.045900 ms MarkObjects: 1.968000 ms  DeleteObjects: 0.012300 ms)

========================================================================
Received Import Request.
  Time since last request: 163.648558 seconds.
  path: Assets/prefabs/enemies/enemy1.prefab
  artifactKey: Guid(970629c6df1725c4f8c07923af826df6) Importer(815301076,1909f56bfc062723c751e8b465ee728b)
Start importing Assets/prefabs/enemies/enemy1.prefab using Guid(970629c6df1725c4f8c07923af826df6) Importer(815301076,1909f56bfc062723c751e8b465ee728b)  -> (artifact id: 'c8bb861071a68a561984839cc73d7486') in 0.065376 seconds 
========================================================================
Received Prepare
Registering precompiled user dll's ...
Registered in 0.000957 seconds.
Begin MonoManager ReloadAssembly
Native extension for WindowsStandalone target not found
Native extension for WebGL target not found
Refreshing native plugins compatible for Editor in 0.25 ms, found 0 plugins.
Preloading 0 native plugins for Editor in 0.00 ms.
Mono: successfully reloaded assembly
- Completed reload, in  0.916 seconds
Platform modules already initialized, skipping
Refreshing native plugins compatible for Editor in 0.25 ms, found 0 plugins.
Preloading 0 native plugins for Editor in 0.00 ms.
Unloading 1302 Unused Serialized files (Serialized files now loaded: 0)
System memory in use before: 69.5 MB.
System memory in use after: 69.6 MB.

Unloading 4 unused Assets to reduce memory usage. Loaded Objects now: 1844.
Total: 1.808500 ms (FindLiveObjects: 0.117000 ms CreateObjectMapping: 0.044600 ms MarkObjects: 1.635800 ms  DeleteObjects: 0.010400 ms)

========================================================================
Received Import Request.
  Time since last request: 93.169597 seconds.
  path: Assets/prefabs/enemies/enemy1.prefab
  artifactKey: Guid(970629c6df1725c4f8c07923af826df6) Importer(815301076,1909f56bfc062723c751e8b465ee728b)
Start importing Assets/prefabs/enemies/enemy1.prefab using Guid(970629c6df1725c4f8c07923af826df6) Importer(815301076,1909f56bfc062723c751e8b465ee728b)  -> (artifact id: '2192aa0cc9f0a62c06a91480aef90da1') in 0.066651 seconds 
========================================================================
Received Import Request.
  Time since last request: 2.034738 seconds.
  path: Assets/prefabs/enemies/enemy2.prefab
  artifactKey: Guid(0cbd789df1591ec49be953b4c95acaf4) Importer(815301076,1909f56bfc062723c751e8b465ee728b)
Start importing Assets/prefabs/enemies/enemy2.prefab using Guid(0cbd789df1591ec49be953b4c95acaf4) Importer(815301076,1909f56bfc062723c751e8b465ee728b)  -> (artifact id: 'adedb4d078ba60b9e6c5d2c41396f827') in 0.013946 seconds 
========================================================================
Received Import Request.
  Time since last request: 0.399166 seconds.
  path: Assets/prefabs/enemies/enemy2.prefab
  artifactKey: Guid(0cbd789df1591ec49be953b4c95acaf4) Importer(815301076,1909f56bfc062723c751e8b465ee728b)
Start importing Assets/prefabs/enemies/enemy2.prefab using Guid(0cbd789df1591ec49be953b4c95acaf4) Importer(815301076,1909f56bfc062723c751e8b465ee728b)  -> (artifact id: '2e050dd9d9ef2ba272948200fe9e3be4') in 0.015095 seconds 
========================================================================
Received Prepare
Registering precompiled user dll's ...
Registered in 0.001178 seconds.
Begin MonoManager ReloadAssembly
Native extension for WindowsStandalone target not found
Native extension for WebGL target not found
Refreshing native plugins compatible for Editor in 0.25 ms, found 0 plugins.
Preloading 0 native plugins for Editor in 0.00 ms.
Mono: successfully reloaded assembly
- Completed reload, in  0.913 seconds
Platform modules already initialized, skipping
Refreshing native plugins compatible for Editor in 0.25 ms, found 0 plugins.
Preloading 0 native plugins for Editor in 0.00 ms.
Unloading 1302 Unused Serialized files (Serialized files now loaded: 0)
System memory in use before: 69.5 MB.
System memory in use after: 69.6 MB.

Unloading 4 unused Assets to reduce memory usage. Loaded Objects now: 1848.
Total: 1.905000 ms (FindLiveObjects: 0.118800 ms CreateObjectMapping: 0.043900 ms MarkObjects: 1.729900 ms  DeleteObjects: 0.011400 ms)

========================================================================
Received Import Request.
  Time since last request: 110.401917 seconds.
  path: Assets/prefabs/Player.prefab
  artifactKey: Guid(45a58b5c39a384f4c9fadc1e3aeafc15) Importer(815301076,1909f56bfc062723c751e8b465ee728b)
Start importing Assets/prefabs/Player.prefab using Guid(45a58b5c39a384f4c9fadc1e3aeafc15) Importer(815301076,1909f56bfc062723c751e8b465ee728b)  -> (artifact id: '0781d0a7c97597f53f493f9b3445df87') in 0.061247 seconds 
========================================================================
Received Import Request.
  Time since last request: 3.582030 seconds.
  path: Assets/prefabs/Player.prefab
  artifactKey: Guid(45a58b5c39a384f4c9fadc1e3aeafc15) Importer(815301076,1909f56bfc062723c751e8b465ee728b)
Start importing Assets/prefabs/Player.prefab using Guid(45a58b5c39a384f4c9fadc1e3aeafc15) Importer(815301076,1909f56bfc062723c751e8b465ee728b)  -> (artifact id: 'f8cdaf401f9ddbfbfcd88a6dbc5e7bdc') in 0.012179 seconds 
========================================================================
Received Prepare
Registering precompiled user dll's ...
Registered in 0.001170 seconds.
Begin MonoManager ReloadAssembly
Native extension for WindowsStandalone target not found
Native extension for WebGL target not found
Refreshing native plugins compatible for Editor in 0.25 ms, found 0 plugins.
Preloading 0 native plugins for Editor in 0.00 ms.
Mono: successfully reloaded assembly
- Completed reload, in  0.938 seconds
Platform modules already initialized, skipping
Refreshing native plugins compatible for Editor in 0.25 ms, found 0 plugins.
Preloading 0 native plugins for Editor in 0.00 ms.
Unloading 1302 Unused Serialized files (Serialized files now loaded: 0)
System memory in use before: 69.5 MB.
System memory in use after: 69.6 MB.

Unloading 5 unused Assets to reduce memory usage. Loaded Objects now: 1853.
Total: 2.120500 ms (FindLiveObjects: 0.134000 ms CreateObjectMapping: 0.043700 ms MarkObjects: 1.927000 ms  DeleteObjects: 0.014900 ms)

========================================================================
Received Prepare
Registering precompiled user dll's ...
Registered in 0.000821 seconds.
Begin MonoManager ReloadAssembly
Native extension for WindowsStandalone target not found
Native extension for WebGL target not found
Refreshing native plugins compatible for Editor in 0.25 ms, found 0 plugins.
Preloading 0 native plugins for Editor in 0.00 ms.
Mono: successfully reloaded assembly
- Completed reload, in  0.936 seconds
Platform modules already initialized, skipping
Refreshing native plugins compatible for Editor in 0.25 ms, found 0 plugins.
Preloading 0 native plugins for Editor in 0.00 ms.
Unloading 1302 Unused Serialized files (Serialized files now loaded: 0)
System memory in use before: 69.5 MB.
System memory in use after: 69.6 MB.

Unloading 4 unused Assets to reduce memory usage. Loaded Objects now: 1856.
Total: 2.163800 ms (FindLiveObjects: 0.129600 ms CreateObjectMapping: 0.045000 ms MarkObjects: 1.976700 ms  DeleteObjects: 0.011400 ms)

========================================================================
Received Prepare
Registering precompiled user dll's ...
Registered in 0.000793 seconds.
Begin MonoManager ReloadAssembly
Native extension for WindowsStandalone target not found
Native extension for WebGL target not found
Refreshing native plugins compatible for Editor in 0.26 ms, found 0 plugins.
Preloading 0 native plugins for Editor in 0.00 ms.
Mono: successfully reloaded assembly
- Completed reload, in  0.952 seconds
Platform modules already initialized, skipping
Refreshing native plugins compatible for Editor in 0.25 ms, found 0 plugins.
Preloading 0 native plugins for Editor in 0.00 ms.
Unloading 1302 Unused Serialized files (Serialized files now loaded: 0)
System memory in use before: 69.5 MB.
System memory in use after: 69.6 MB.

Unloading 4 unused Assets to reduce memory usage. Loaded Objects now: 1859.
Total: 1.933700 ms (FindLiveObjects: 0.132800 ms CreateObjectMapping: 0.045400 ms MarkObjects: 1.743600 ms  DeleteObjects: 0.011000 ms)

========================================================================
Received Import Request.
  Time since last request: 701.615404 seconds.
  path: Assets/Scenes/Tuto.unity
  artifactKey: Guid(5dbff9acff8431b4882198b48ae45d79) Importer(815301076,1909f56bfc062723c751e8b465ee728b)
Start importing Assets/Scenes/Tuto.unity using Guid(5dbff9acff8431b4882198b48ae45d79) Importer(815301076,1909f56bfc062723c751e8b465ee728b)  -> (artifact id: '5db6e08320962a203dc1d7d9cadf8c27') in 0.040677 seconds 
========================================================================
Received Import Request.
  Time since last request: 40.456009 seconds.
  path: Assets/Scenes/Tuto.unity
  artifactKey: Guid(5dbff9acff8431b4882198b48ae45d79) Importer(815301076,1909f56bfc062723c751e8b465ee728b)
Start importing Assets/Scenes/Tuto.unity using Guid(5dbff9acff8431b4882198b48ae45d79) Importer(815301076,1909f56bfc062723c751e8b465ee728b)  -> (artifact id: 'd77af712584bec724c61e49604ae494f') in 0.009167 seconds 
========================================================================
Received Import Request.
  Time since last request: 2.666427 seconds.
  path: Assets/Scenes/Nivel 1.unity
  artifactKey: Guid(a9d8a8feb0d272244899858a7af43e6b) Importer(815301076,1909f56bfc062723c751e8b465ee728b)
Start importing Assets/Scenes/Nivel 1.unity using Guid(a9d8a8feb0d272244899858a7af43e6b) Importer(815301076,1909f56bfc062723c751e8b465ee728b)  -> (artifact id: '94f9f042fbe9aefa931b751c4d424d8e') in 0.010245 seconds 
AssetImportWorkerClient::OnTransportError - code=2 error=End of file
